<?xml version="1.0" encoding="UTF-8"?>
<!-- Generated by org.testng.reporters.JUnitXMLReporter -->
<testsuite ignored="1" hostname="DESKTOP-AI0QSET" failures="0" tests="1" name="Default test" time="4.879" errors="0" timestamp="2026-03-13T01:55:53 IST">
  <testcase classname="jenkinsDemo.com.LoginTest" name="openInstagram" time="4.806"/>
  <testcase classname="jenkinsDemo.com.LoginTest" name="openGoogle" time="0.0">
    <ignored/>
  </testcase> <!-- openGoogle -->
</testsuite> <!-- Default test -->
