<?xml version="1.0" encoding="UTF-8"?>
<testng-results ignored="0" total="1" passed="1" failed="0" skipped="0">
  <reporter-output>
  </reporter-output>
  <suite started-at="2026-03-12T22:14:25 IST" name="Default suite" finished-at="2026-03-12T22:14:36 IST" duration-ms="10557">
    <groups>
    </groups>
    <test started-at="2026-03-12T22:14:25 IST" name="Default test" finished-at="2026-03-12T22:14:36 IST" duration-ms="10557">
      <class name="jenkinsDemo.com.LoginTest">
        <test-method signature="openGoogle()[pri:0, instance:jenkinsDemo.com.LoginTest@6ae5aa72]" started-at="2026-03-12T22:14:25 IST" name="openGoogle" finished-at="2026-03-12T22:14:36 IST" duration-ms="10494" status="PASS">
          <reporter-output>
          </reporter-output>
        </test-method> <!-- openGoogle -->
      </class> <!-- jenkinsDemo.com.LoginTest -->
    </test> <!-- Default test -->
  </suite> <!-- Default suite -->
</testng-results>
