<?xml version="1.0" encoding="UTF-8"?>
<testng-results ignored="0" total="2" passed="2" failed="0" skipped="0">
  <reporter-output>
  </reporter-output>
  <suite started-at="2026-03-13T01:57:51 IST" name="Suite" finished-at="2026-03-13T01:57:59 IST" duration-ms="7626">
    <groups>
    </groups>
    <test started-at="2026-03-13T01:57:51 IST" name="Test" finished-at="2026-03-13T01:57:59 IST" duration-ms="7626">
      <class name="jenkinsDemo.com.LoginTest2">
        <test-method signature="openInstagram()[pri:0, instance:jenkinsDemo.com.LoginTest2@5c5eefef]" started-at="2026-03-13T01:57:51 IST" name="openInstagram" finished-at="2026-03-13T01:57:55 IST" duration-ms="4313" status="PASS">
          <reporter-output>
          </reporter-output>
        </test-method> <!-- openInstagram -->
      </class> <!-- jenkinsDemo.com.LoginTest2 -->
      <class name="jenkinsDemo.com.LoginTest1">
        <test-method signature="openGoogle()[pri:0, instance:jenkinsDemo.com.LoginTest1@35cabb2a]" started-at="2026-03-13T01:57:55 IST" name="openGoogle" finished-at="2026-03-13T01:57:59 IST" duration-ms="3195" status="PASS">
          <reporter-output>
          </reporter-output>
        </test-method> <!-- openGoogle -->
      </class> <!-- jenkinsDemo.com.LoginTest1 -->
    </test> <!-- Test -->
  </suite> <!-- Suite -->
</testng-results>
